[artofjiujitsu.com/pages/academy.html]
[t.cometlytrack.com/ee932]
[artofjiujitsu.com/cdn/shop/files/AOJ_32x32b923.jpg]
[backblue.gif]
[fade.gif]
[index.html]
[cdnjs.cloudflare.com/ajax/libs/jquery/3.6.0/jquery.min.js]
[unpkg.com/flickity@2.2.1/dist/flickity.pkgd.min.js]
[artofjiujitsu.com/cdn/shop/t/2/assets/animations08b7.js]
[artofjiujitsu.com/cdn/fonts/din_next/dinnext_n4.438c249fdbceeefafa64221353c5ece2fdb8ae143cbc.woff2]
[artofjiujitsu.com/cdn/fonts/din_next/dinnext_n4.ba1a214c52f07ec250a5179209eb84e73639e1c915a4.woff]
[artofjiujitsu.com/cdn/fonts/din_next/dinnext_n5.9de62f474792d83a5c7487ba13c73b05f03f03c7679e.woff2]
[artofjiujitsu.com/cdn/fonts/din_next/dinnext_n5.780618dec464e6222d24888730ca26e0ca6ad6af59ce.woff]
[artofjiujitsu.com/cdn/fonts/din_next/dinnext_i4.61ded265c0c537a08a3ef6c1f78e76a5f3be91c9a176.woff2]
[artofjiujitsu.com/cdn/fonts/din_next/dinnext_i4.09dd19acb435d364f8a7263a588c573108d49efc42ea.woff]
[cdn.shopify.com/s/files/1/0554/1206/4337/files/BebasNeue-Regulard1c2.eot]
[cdn.shopify.com/s/files/1/0554/1206/4337/files/BebasNeue-Regular06ad.woff]
[cdn.shopify.com/s/files/1/0554/1206/4337/files/BebasNeue-Regular06ad.woff2]
[cdn.shopify.com/s/files/1/0554/1206/4337/files/BebasNeue-Regular44de.ttf]
[cdn.shopify.com/s/files/1/0554/1206/4337/files/DINCondensed-Boldc046.ttf]
[artofjiujitsu.com/cdn/shop/t/2/assets/index5a7d.css]
[artofjiujitsu.com/checkouts/internal/preloadsc494.js]
[artofjiujitsu.com/pages/modules/chunk.common_f742047a.esm.js]
[artofjiujitsu.com/cdn/shopifycloud/shopify/assets/storefront/load_feature-9f951eb7d8d53973c719de211f807d63af81c644e5b9a6ae72661ac408d472f6.js]
[artofjiujitsu.com/cdn/shopifycloud/shopify/assets/shopify_pay/storefront-80e528be853eac23af2454534897ca9536b1d3d04aa043b042f34879a3c111c8b805.js]
[artofjiujitsu.com/cdn/shopifycloud/shopify/assets/storefront/features-1c0b396bd4d054b94abae1eb6a1bd6ba47beb35525c57a217c77a862ff06d83f.js]
[artofjiujitsu.com/cdn/shop/t/2/compiled_assets/styles4b81.css]
[artofjiujitsu.com/cdn/shop/t/2/compiled_assets/scripts4b81.js]
[ajax.googleapis.com/ajax/libs/jquery/3.6.0/jquery.min.js]
[cdn.shopify.com/extensions/b61f7bde-ae45-4e82-bcc0-1a77879c54e2/powerful-form-builder-79/assets/globo.formbuilder.index.js]
[artofjiujitsu.com/pages/POST.2c.delayed]
[artofjiujitsu.com/cdn/s/trekkie.storefront.88baf04046928b6edf6574afd22dbd026cc7d568.min.js]
[artofjiujitsu.com/cdn/shopifycloud/shopify/assets/shop_events_listener-61fa9e0a912c675e178777d2b27f6cbd482f8912a6b0aa31fa3515985a8cd626.js]
[artofjiujitsu.com/cdn/shopifycloud/boomerang/shopify-boomerang-1.0.0.min.js]
[www.googletagmanager.com/ns1ba6.html]
[artofjiujitsu.com/cdn/shop/files/ARTOFJIUJITSU_300x30037da.png]
[artofjiujitsu.com/cdn/shop/files/ARTOFJIUJITSU_{width}x37da.png]
[artofjiujitsu.com/cdn/shop/files/ARTOFJIUJITSU_2048x204837da.png]
[artofjiujitsu.com/pages/join-academy.html]
[artofjiujitsu.com/pages/book-trial-class.html]
[artofjiujitsu.com/pages/private-lessons.html]
[artofjiujitsu.com/pages/locations.html]
[artofjiujitsu.com/pages/visiting-aoj.html]
[artofjiujitsu.com/pages/class-schedule.html]
[aojplus.artofjiujitsu.com/index.html]
[artofjiujitsu.com/cdn/shop/files/AOJ-MV_e7760ab0-dbb2-466c-8f9e-59a106d64797_300x3003ba1.jpg]
[artofjiujitsu.com/cdn/shop/files/AOJ-MV_e7760ab0-dbb2-466c-8f9e-59a106d64797_{width}x3ba1.jpg]
[artofjiujitsu.com/cdn/shop/files/AOJ-MV_e7760ab0-dbb2-466c-8f9e-59a106d64797_2048x20483ba1.jpg]
[cdn.shopify.com/videos/c/o/v/7b74312c6f964a698bd591f87da09d45.mp4]
[artofjiujitsu.com/pages/our-method.html]
[artofjiujitsu.com/cdn/shop/files/preview_images/81414b4c61294666a4fc57318c38feca.thumbnail.0000000000_1920x6588.jpg]
[cdn.shopify.com/videos/c/vp/81414b4c61294666a4fc57318c38feca/81414b4c61294666a4fc57318c38feca.HD-1080p-7.2Mbps-19552548.mp4]
[artofjiujitsu.com/cdn/shop/files/preview_images/d50b2707efc44de3b99beac57a99231e.thumbnail.0000000000_1920x36c5.jpg]
[cdn.shopify.com/videos/c/vp/d50b2707efc44de3b99beac57a99231e/d50b2707efc44de3b99beac57a99231e.HD-1080p-7.2Mbps-18893690.mp4]
[artofjiujitsu.com/cdn/shop/files/preview_images/9dd7e25ab17d4c28af2f8a55f38d2766.thumbnail.0000000000_1920xac15.jpg]
[cdn.shopify.com/videos/c/vp/9dd7e25ab17d4c28af2f8a55f38d2766/9dd7e25ab17d4c28af2f8a55f38d2766.HD-1080p-7.2Mbps-18815904.mp4]
[artofjiujitsu.com/pages/kids-program.html]
[artofjiujitsu.com/pages/adults-program.html]
[cdn.shopify.com/videos/c/o/v/87a512bee5664bddb9098bbc438d93ae.mp4]
[artofjiujitsu.com/cdn/shop/files/RAFAEL-MENDES_300x3001a94.jpg]
[artofjiujitsu.com/cdn/shop/files/RAFAEL-MENDES_2048x20481a94.jpg]
[artofjiujitsu.com/cdn/shop/files/GUI-MENDES_300x30053e9.jpg]
[artofjiujitsu.com/cdn/shop/files/GUI-MENDES_2048x204853e9.jpg]
[artofjiujitsu.com/cdn/shop/files/TAINAN-DALPRA_02e0c55f-6f62-43d0-b8e2-5fcbb4320c6f_300x3005da4.jpg]
[artofjiujitsu.com/cdn/shop/files/TAINAN-DALPRA_02e0c55f-6f62-43d0-b8e2-5fcbb4320c6f_2048x20485da4.jpg]
[artofjiujitsu.com/cdn/shop/files/JESSA-KHAN_fccae4fd-31f5-4ec7-8abd-39db866ee8fa_300x3008ce3.jpg]
[artofjiujitsu.com/cdn/shop/files/JESSA-KHAN_fccae4fd-31f5-4ec7-8abd-39db866ee8fa_2048x20488ce3.jpg]
[artofjiujitsu.com/cdn/shop/files/COLE-ABATE_1dc71e68-5ae7-4dac-874d-780244837d7a_300x3002947.jpg]
[artofjiujitsu.com/cdn/shop/files/COLE-ABATE_1dc71e68-5ae7-4dac-874d-780244837d7a_2048x20482947.jpg]
[artofjiujitsu.com/cdn/shop/files/PABLO-LAVASELLI_300x300873a.jpg]
[artofjiujitsu.com/cdn/shop/files/PABLO-LAVASELLI_2048x2048873a.jpg]
[artofjiujitsu.com/pages/mission-viejo.html]
[artofjiujitsu.com/cdn/shop/files/AOJ-MV_3277f195-47a0-4116-beb8-d5cce2495771_300x3000191.jpg]
[artofjiujitsu.com/cdn/shop/files/AOJ-MV_3277f195-47a0-4116-beb8-d5cce2495771_{width}x0191.jpg]
[artofjiujitsu.com/cdn/shop/files/AOJ-COSTA-MESA_300x300c48e.jpg]
[artofjiujitsu.com/cdn/shop/files/AOJ-COSTA-MESA_{width}xc48e.jpg]
[artofjiujitsu.com/cdn/shop/files/preview_images/165d8bef6b8644ceaf732044ac8c83cd.thumbnail.0000000000_1920x9f71.jpg]
[cdn.shopify.com/videos/c/vp/165d8bef6b8644ceaf732044ac8c83cd/165d8bef6b8644ceaf732044ac8c83cd.HD-1080p-7.2Mbps-14231098.mp4]
[artofjiujitsu.com/pages/contact.html]
[artofjiujitsu.com/pages/terms-service.html]
[artofjiujitsu.com/pages/privacy-policy.html]
[www.youtube.com/iframe_api]
[artofjiujitsu.com/cdn/shopifycloud/shopify-plyr/v1.0/shopify-plyr.css]
[artofjiujitsu.com/cdn/shop/t/2/assets/indexf50d.js]
[artofjiujitsu.com/cdn/shop/t/2/assets/scripts69d0.js]
[artofjiujitsu.com/pages/_data_image/png;base64,iVBORw0KGgoAAAANSUhEUgAAABAAAAAQCAYA/9hAAABHklEQVQ4EaVTO26DQBD1ohQWaS2lg9JybZ+AK7hNw/98DywOw3Dued4Who/M2aIx5lZV1aEsy0+qiwHELyi+Yt/il8IalkCLBfNVAAAAABJRU5]
[wholesale-pricing-now.herokuapp.com/widget/javascripte017.json]
[s3.amazonaws.com/bowtie.ai/bowtieJS/bowtie_widget.js]
[artofjiujitsu.com/pages/academy.html]
[artofjiujitsu.com/cdn/s/assets/themes_support/gift-card/corner-top-left-407e052d38db02cf8ccc1d63452be868fdeec83d4c0be2fd14a4c9558d422948.png]
[artofjiujitsu.com/cdn/s/assets/themes_support/gift-card/corner-top-right-1372b088666d07754d697ce54b7f3e598ef323d836641da7f4eac80bde3c5af4.png]
[artofjiujitsu.com/cdn/s/assets/themes_support/gift-card/corner-bottom-left-6ba1f17732c9e039bf2d42d91d6d0776592468b4a07f06ea4e317da044d37c2a.png]
[artofjiujitsu.com/cdn/s/assets/themes_support/gift-card/corner-bottom-right-8733072c71085ba883290401b7a9dd49ae03d6f287a9f0913dc439ac7319b7a5.png]
[artofjiujitsu.com/cdn/s/assets/themes_support/gift-card/icon-print-2cc4520b4b6301df62b80ade51c8c6b154847d7b59babc350b68f168f7d07665.png]
[artofjiujitsu.com/cdn/shop/t/2/assets/sparkle.gif]
[artofjiujitsu.com/cdn/shop/t/2/assets/index5a7d.css]
[shop.app/checkouts/internal/preloads9d46.js]
[artofjiujitsu.com/pages/modules/chunk.common_f742047a.esm.js]
[artofjiujitsu.com/cdn/shop/t/2/compiled_assets/styles4b81.css]
[www.googletagmanager.com/gtm5445.html]
[monorail-edge.shopifysvc.com/index.html]
[monorail-edge.shopifysvc.com/v1/produce]
[artofjiujitsu.com/pages/POST.html]
[www.googletagmanager.com/ns1ba6.html]
[artofjiujitsu.com/cdn/shop/files/ARTOFJIUJITSU_{width}x37da.html]
[artofjiujitsu.com/cdn/shop/files/AOJ-ADULTS-PROGRAM_300x30025bb.jpg]
[artofjiujitsu.com/cdn/shop/files/AOJ-ACADEMY-MV_300x300a6c7.jpg]
[artofjiujitsu.com/cdn/shop/files/KIDS-PROGRAM_08b7ecbc-1b94-4089-a973-2fb18492b01d_300x3008be1.jpg]
[widgets.mindbodyonline.com/javascripts/healcode.js]
[artofjiujitsu.com/cdn/shop/files/STARTER-PACK_47b6d03e-c227-4e20-9571-94c7573833d1_300x300ceff.jpg]
[artofjiujitsu.com/cdn/shop/files/STARTER-PACK_47b6d03e-c227-4e20-9571-94c7573833d1_{width}xceff.jpg]
[artofjiujitsu.com/cdn/shop/files/STARTER-PACK_47b6d03e-c227-4e20-9571-94c7573833d1_2048x2048ceff.jpg]
[artofjiujitsu.com/pages/join-academy.html]
[artofjiujitsu.com/pages/book-trial-class.html]
[artofjiujitsu.com/pages/buy-guest-pass.html]
[artofjiujitsu.com/cdn/shop/files/preview_images/fafc59fffefb49ada43546719245a72f.thumbnail.0000000000_1220x3771.jpg]
[artofjiujitsu.com/cdn/shop/files/preview_images/d0fd512763974368ab8c387e8baafe43.thumbnail.0000000000_1220x7a01.jpg]
[artofjiujitsu.com/pages/private-lessons.html]
[artofjiujitsu.com/pages/locations.html]
[artofjiujitsu.com/cdn/shop/t/2/assets/section-multi-scrollabledc18.css]
[cdn.shopify.com/videos/c/o/v/46a919b9ab8d4fb8aa8b56f846760b6f.mp4]
[artofjiujitsu.com/pages/visiting-aoj.html]
[artofjiujitsu.com/pages/class-schedule.html]
[code.jquery.com/jquery-3.5.1.min.js]
[cdnjs.cloudflare.com/ajax/libs/axios/1.1.3/axios.min.js]
[assets-gke.uscreencdn.com/assets/storefront_analytics-2310fc484a500dd03da76285ea045dfd81895201323d411cbaf74b559f026ea3.js]
[assets-gke.uscreencdn.com/packs/css/storefront_hotwire-styles-be31a0afcf2800ab8e88.css]
[assets-gke.uscreencdn.com/packs/js/storefront_hotwire-91d7446837030c3476d4.js]
[www.google-analytics.com/analytics.js]
[assets-gke.uscreencdn.com/assets/tailwind-09775fd311fa6a31c32a88696518a250a9f19605e9407d9130714ab694389c6d.css]
[assets-gke.uscreencdn.com/assets/storefront_common-97359f198d4a0829dfce1959a0fffffcb22d96aa33e304900e5fb16ec4c927e2.css]
[aojplus.artofjiujitsu.com/images/favicontypes/27071/favicon.1644196191.png]
[assets-gke.uscreencdn.com/packs/js/web-components-0edcb64658f8f32261a0.js]
[assets-gke.uscreencdn.com/theme_assets/26872/polaris40e0.css]
[assets-gke.uscreencdn.com/theme_assets/26872/vendor_css40e0.css]
[assets-gke.uscreencdn.com/theme_assets/26872/style40e0.css]
[assets-gke.uscreencdn.com/theme_assets/26872/polaris40e0.js]
[assets-gke.uscreencdn.com/theme_assets/26872/vendor_js40e0.js]
[artofjiujitsu.com/pages/new-releases.html]
[aojplus.artofjiujitsu.com/pages/free-content.html]
[artofjiujitsu.com/pages/subscription.html]
[alpha.uscreencdn.com/99xnull/26872/uploads/a904d2fa-a697-4954-a58f-1304a46122c7d8e8.png]
[alpha.uscreencdn.com/198xnull/26872/uploads/a904d2fa-a697-4954-a58f-1304a46122c7d8e8.png]
[aojplus.artofjiujitsu.com/programs/inside-aoj.html]
[aojplus.artofjiujitsu.com/categories/on-demand.html]
[aojplus.artofjiujitsu.com/programs/gola-y-manga-serie-en-espanol-de-pablo-lavaselli.html]
[alpha.uscreencdn.com/15xnull/assets/assets/26872/gola-y-manga.1709222758d8e8.jpg]
[alpha.uscreencdn.com/499xnull/assets/assets/26872/gola-y-manga.1709222758d8e8.jpg]
[aojplus.artofjiujitsu.com/programs/submission-series-2023-competition-season-tainan-dalpra.html]
[alpha.uscreencdn.com/15xnull/assets/assets/26872/submission-series-tainan-dalpra.1702593670d8e8.jpg]
[alpha.uscreencdn.com/499xnull/assets/assets/26872/submission-series-tainan-dalpra.1702593670d8e8.jpg]
[aojplus.artofjiujitsu.com/programs/anaconda-choke-masterclass-rafael-mendes.html]
[alpha.uscreencdn.com/15xnull/assets/assets/26872/anaconda-choke-masterclass.1700757958d8e8.jpg]
[alpha.uscreencdn.com/499xnull/assets/assets/26872/anaconda-choke-masterclass.1700757958d8e8.jpg]
[aojplus.artofjiujitsu.com/programs/on-demand-armbar-masterclass.html]
[alpha.uscreencdn.com/15xnull/assets/26872/HPzTNXojT0CG76mUBn9R_ARMBAR-MASTERCLASSd8e8.png]
[alpha.uscreencdn.com/499xnull/assets/26872/HPzTNXojT0CG76mUBn9R_ARMBAR-MASTERCLASSd8e8.png]
[aojplus.artofjiujitsu.com/programs/on-demand-passing-the-lasso-and-spider-guard.html]
[alpha.uscreencdn.com/15xnull/assets/assets/26872/passing-lasso-spider-guard-5x7.1694102787d8e8.jpg]
[alpha.uscreencdn.com/499xnull/assets/assets/26872/passing-lasso-spider-guard-5x7.1694102787d8e8.jpg]
[aojplus.artofjiujitsu.com/programs/on-demand-finishing-the-pass-gui-mendes.html]
[alpha.uscreencdn.com/15xnull/assets/assets/26872/finishing-the-pass-vertical.1685242145d8e8.jpg]
[alpha.uscreencdn.com/499xnull/assets/assets/26872/finishing-the-pass-vertical.1685242145d8e8.jpg]
[aojplus.artofjiujitsu.com/programs/on-demand-game-theory-tainan-dalpra-gui-mendes.html]
[alpha.uscreencdn.com/15xnull/assets/assets/26872/game-theory.1684210442d8e8.jpg]
[alpha.uscreencdn.com/499xnull/assets/assets/26872/game-theory.1684210442d8e8.jpg]
[aojplus.artofjiujitsu.com/programs/on-demand-back-take-masterclass-tainan-dalpra.html]
[alpha.uscreencdn.com/15xnull/assets/assets/26872/back-take-masterclass.1684211002d8e8.jpg]
[alpha.uscreencdn.com/499xnull/assets/assets/26872/back-take-masterclass.1684211002d8e8.jpg]
[aojplus.artofjiujitsu.com/programs/on-demand-longstep-masterclass-tainan-dalpra.html]
[alpha.uscreencdn.com/15xnull/assets/26872/wHqPJ0dQQemcIPzSZzF2_LONGSTEP-MASTERCLASS-4x5d8e8.png]
[alpha.uscreencdn.com/499xnull/assets/26872/wHqPJ0dQQemcIPzSZzF2_LONGSTEP-MASTERCLASS-4x5d8e8.png]
[aojplus.artofjiujitsu.com/programs/on-demand-x-guard-masterclass-tainan-dalpra.html]
[alpha.uscreencdn.com/15xnull/assets/26872/J6YO8Ql1RtCjmHZIlGtE_X-GUARD-MASTERCLASSd8e8.png]
[alpha.uscreencdn.com/499xnull/assets/26872/J6YO8Ql1RtCjmHZIlGtE_X-GUARD-MASTERCLASSd8e8.png]
[aojplus.artofjiujitsu.com/programs/on-demand-foundational-jiu-jitsu.html]
[alpha.uscreencdn.com/15xnull/assets/26872/g3lqvrvTSFW6CP60JrSj_FOUNDATIONAL-JIU-JITSUd8e8.png]
[alpha.uscreencdn.com/499xnull/assets/26872/g3lqvrvTSFW6CP60JrSj_FOUNDATIONAL-JIU-JITSUd8e8.png]
[aojplus.artofjiujitsu.com/programs/on-demand-guard-pass-system.html]
[alpha.uscreencdn.com/15xnull/assets/26872/NQxKjspwQEWQXOTwiNbD_GPS-VERTICALd8e8.png]
[alpha.uscreencdn.com/499xnull/assets/26872/NQxKjspwQEWQXOTwiNbD_GPS-VERTICALd8e8.png]
[aojplus.artofjiujitsu.com/categories/recently-added.html]
[aojplus.artofjiujitsu.com/programs/matchbreakdown-fran-papasidero-pans.html]
[alpha.uscreencdn.com/15xnull/images/programs/2953589/horizontal/big_ab1dba7a-061f-4ee0-bc31-5043164f99e7d8e8.jpg]
[alpha.uscreencdn.com/499xnull/images/programs/2953589/horizontal/big_ab1dba7a-061f-4ee0-bc31-5043164f99e7d8e8.jpg]
[aojplus.artofjiujitsu.com/programs/8am-fundamentals-attacking-submissions-from-side-control.html]
[alpha.uscreencdn.com/15xnull/images/programs/2948600/horizontal/big_660d1295-2703-42fe-940b-50bc76a3a7f1d8e8.jpg]
[alpha.uscreencdn.com/499xnull/images/programs/2948600/horizontal/big_660d1295-2703-42fe-940b-50bc76a3a7f1d8e8.jpg]
[aojplus.artofjiujitsu.com/programs/curriculum-back-escapes.html]
[alpha.uscreencdn.com/15xnull/images/programs/2929220/horizontal/big_c2c7f689-86db-4ec4-ad8c-a87555d60bf8d8e8.jpg]
[alpha.uscreencdn.com/499xnull/images/programs/2929220/horizontal/big_c2c7f689-86db-4ec4-ad8c-a87555d60bf8d8e8.jpg]
[aojplus.artofjiujitsu.com/programs/basics-starter-pack-fran-papasidero.html]
[alpha.uscreencdn.com/15xnull/images/programs/2905769/horizontal/big_9184e7ff-80bb-4735-8d39-511542476f55d8e8.jpg]
[alpha.uscreencdn.com/499xnull/images/programs/2905769/horizontal/big_9184e7ff-80bb-4735-8d39-511542476f55d8e8.jpg]
[alpha.uscreencdn.com/15xnull/images/programs/2825679/horizontal/big_a8f05969-6d1f-45f1-8e1f-92158230dd0fd8e8.jpg]
[alpha.uscreencdn.com/499xnull/images/programs/2825679/horizontal/big_a8f05969-6d1f-45f1-8e1f-92158230dd0fd8e8.jpg]
[aojplus.artofjiujitsu.com/programs/tainan-dalpra-sparring-sequences-2-27-2024.html]
[alpha.uscreencdn.com/15xnull/images/programs/2896671/horizontal/big_c6dd9171-e3e4-4cfd-bddb-dd8cca3498c5d8e8.jpg]
[alpha.uscreencdn.com/499xnull/images/programs/2896671/horizontal/big_c6dd9171-e3e4-4cfd-bddb-dd8cca3498c5d8e8.jpg]
[aojplus.artofjiujitsu.com/programs/curriculum-studying-the-berimbolo-pablo-lavaselli.html]
[alpha.uscreencdn.com/15xnull/images/programs/2889960/horizontal/big_52a31f0b-a591-4212-b174-80d5c963d8afd8e8.jpg]
[alpha.uscreencdn.com/499xnull/images/programs/2889960/horizontal/big_52a31f0b-a591-4212-b174-80d5c963d8afd8e8.jpg]
[aojplus.artofjiujitsu.com/programs/cross-sleeve-guard-2024-europeans-breakdown-gutemberg-periera.html]
[alpha.uscreencdn.com/15xnull/images/programs/2883894/horizontal/big_a6c81e95-7ecc-4a39-a416-cfdcd06389a8d8e8.jpg]
[alpha.uscreencdn.com/499xnull/images/programs/2883894/horizontal/big_a6c81e95-7ecc-4a39-a416-cfdcd06389a8d8e8.jpg]
[aojplus.artofjiujitsu.com/programs/escaping-submissions-nogi-curriculum-cole-abate.html]
[alpha.uscreencdn.com/15xnull/images/programs/2877483/horizontal/big_3b4c6b79-62fb-4489-96fb-1b5b5d1269cbd8e8.jpg]
[alpha.uscreencdn.com/499xnull/images/programs/2877483/horizontal/big_3b4c6b79-62fb-4489-96fb-1b5b5d1269cbd8e8.jpg]
[aojplus.artofjiujitsu.com/programs/basics-guard-retention-zach-kaina.html]
[alpha.uscreencdn.com/15xnull/images/programs/2858344/horizontal/big_5feb45cd-ea3c-41c2-b4f7-efbd753cab57d8e8.jpg]
[alpha.uscreencdn.com/499xnull/images/programs/2858344/horizontal/big_5feb45cd-ea3c-41c2-b4f7-efbd753cab57d8e8.jpg]
[aojplus.artofjiujitsu.com/programs/counter-attacking-with-guard-retention-nogi-cole-abate.html]
[alpha.uscreencdn.com/15xnull/images/programs/2825573/horizontal/big_2f299f6f-8b2f-46a1-a107-9c3ff87040e3d8e8.png]
[alpha.uscreencdn.com/499xnull/images/programs/2825573/horizontal/big_2f299f6f-8b2f-46a1-a107-9c3ff87040e3d8e8.png]
[aojplus.artofjiujitsu.com/programs/tainan-dalpra-sparring-nogi-feb-2-2024.html]
[alpha.uscreencdn.com/15xnull/images/programs/2852626/horizontal/big_38ddf302-abe4-45fe-a161-7bdac0150065d8e8.jpg]
[alpha.uscreencdn.com/499xnull/images/programs/2852626/horizontal/big_38ddf302-abe4-45fe-a161-7bdac0150065d8e8.jpg]
[aojplus.artofjiujitsu.com/categories/curriculum.html]
[aojplus.artofjiujitsu.com/programs/sweeps-from-de-la-riva-with-pants-and-sleeve-curriculum-jessa-khan.html]
[alpha.uscreencdn.com/15xnull/images/programs/2816281/horizontal/big_9680f92a-f5bc-460d-87ab-a5a82794207ad8e8.jpg]
[alpha.uscreencdn.com/499xnull/images/programs/2816281/horizontal/big_9680f92a-f5bc-460d-87ab-a5a82794207ad8e8.jpg]
[alpha.uscreencdn.com/15xnull/images/programs/2773024/horizontal/big_b0241e9b-057a-4198-9bf0-12919bd37951d8e8.jpg]
[alpha.uscreencdn.com/499xnull/images/programs/2773024/horizontal/big_b0241e9b-057a-4198-9bf0-12919bd37951d8e8.jpg]
[aojplus.artofjiujitsu.com/programs/guard-pass-sequences-pablo-lavaselli-curriculum.html]
[alpha.uscreencdn.com/15xnull/images/programs/2690274/horizontal/big_passing-sequences.1698449555d8e8.jpg]
[alpha.uscreencdn.com/499xnull/images/programs/2690274/horizontal/big_passing-sequences.1698449555d8e8.jpg]
[aojplus.artofjiujitsu.com/programs/passing-the-seated-guard-position-curriculum-cole-abate.html]
[alpha.uscreencdn.com/15xnull/images/programs/2684873/horizontal/big_cole.1698418347d8e8.jpg]
[alpha.uscreencdn.com/499xnull/images/programs/2684873/horizontal/big_cole.1698418347d8e8.jpg]
[aojplus.artofjiujitsu.com/programs/same-side-collar-and-elbow-guard-study-tainan-dalpra.html]
[alpha.uscreencdn.com/15xnull/images/programs/2632169/horizontal/big_curriculum.1697119366d8e8.jpg]
[alpha.uscreencdn.com/499xnull/images/programs/2632169/horizontal/big_curriculum.1697119366d8e8.jpg]
[aojplus.artofjiujitsu.com/programs/curriculum-studying-the-mount-position-pablo-lavaselli.html]
[alpha.uscreencdn.com/15xnull/images/programs/2599570/horizontal/big_pablo.1696356248d8e8.jpg]
[alpha.uscreencdn.com/499xnull/images/programs/2599570/horizontal/big_pablo.1696356248d8e8.jpg]
[aojplus.artofjiujitsu.com/programs/curriculum-hybrid-guard-study-pablo-lavaselli.html]
[alpha.uscreencdn.com/15xnull/images/programs/2589676/horizontal/big_pablo-.1695156115d8e8.jpg]
[alpha.uscreencdn.com/499xnull/images/programs/2589676/horizontal/big_pablo-.1695156115d8e8.jpg]
[aojplus.artofjiujitsu.com/programs/achieving-the-half-guard-position-pablo-lavaselli.html]
[alpha.uscreencdn.com/15xnull/images/programs/2546356/horizontal/big_pablo.1692036756d8e8.jpg]
[alpha.uscreencdn.com/499xnull/images/programs/2546356/horizontal/big_pablo.1692036756d8e8.jpg]
[aojplus.artofjiujitsu.com/categories/originals.html]
[aojplus.artofjiujitsu.com/programs/building-aoj-02.html]
[alpha.uscreencdn.com/15xnull/images/programs/2186194/horizontal/big_new-building-aoj-02-16x9.1684117193d8e8.jpg]
[alpha.uscreencdn.com/499xnull/images/programs/2186194/horizontal/big_new-building-aoj-02-16x9.1684117193d8e8.jpg]
[aojplus.artofjiujitsu.com/programs/2023-competition-season.html]
[alpha.uscreencdn.com/15xnull/images/programs/2222148/horizontal/big_2023-horizontal-cole.1682451714d8e8.jpg]
[alpha.uscreencdn.com/499xnull/images/programs/2222148/horizontal/big_2023-horizontal-cole.1682451714d8e8.jpg]
[alpha.uscreencdn.com/15xnull/images/programs/1656710/horizontal/big_inside-aoj-landscape.1681163243d8e8.jpg]
[alpha.uscreencdn.com/499xnull/images/programs/1656710/horizontal/big_inside-aoj-landscape.1681163243d8e8.jpg]
[aojplus.artofjiujitsu.com/programs/the-rematch-dalpra-x-bahiense.html]
[alpha.uscreencdn.com/15xnull/images/programs/2084999/horizontal/big_the-rematch-landscape.1681165554d8e8.jpg]
[alpha.uscreencdn.com/499xnull/images/programs/2084999/horizontal/big_the-rematch-landscape.1681165554d8e8.jpg]
[aojplus.artofjiujitsu.com/programs/one-on-one.html]
[alpha.uscreencdn.com/15xnull/images/programs/1697656/horizontal/big_one-on-one-landscape.1681165765d8e8.jpg]
[alpha.uscreencdn.com/499xnull/images/programs/1697656/horizontal/big_one-on-one-landscape.1681165765d8e8.jpg]
[aojplus.artofjiujitsu.com/programs/2022-competition-season.html]
[alpha.uscreencdn.com/15xnull/images/programs/1690193/horizontal/big_2022.1681166066d8e8.jpg]
[alpha.uscreencdn.com/499xnull/images/programs/1690193/horizontal/big_2022.1681166066d8e8.jpg]
[aojplus.artofjiujitsu.com/programs/2021-competition-season.html]
[alpha.uscreencdn.com/15xnull/images/programs/1683087/horizontal/big_2021.1681166047d8e8.jpg]
[alpha.uscreencdn.com/499xnull/images/programs/1683087/horizontal/big_2021.1681166047d8e8.jpg]
[aojplus.artofjiujitsu.com/programs/2020-competition-season.html]
[alpha.uscreencdn.com/15xnull/images/programs/1682075/horizontal/big_2020.1681166026d8e8.jpg]
[alpha.uscreencdn.com/499xnull/images/programs/1682075/horizontal/big_2020.1681166026d8e8.jpg]
[aojplus.artofjiujitsu.com/categories/technique.html]
[aojplus.artofjiujitsu.com/programs/details-for-straight-ankle-lock-pablo-lavaselli.html]
[alpha.uscreencdn.com/15xnull/images/programs/2823040/horizontal/big_cca9bfb8-f54c-4a85-9209-2bb001db6199d8e8.jpg]
[alpha.uscreencdn.com/499xnull/images/programs/2823040/horizontal/big_cca9bfb8-f54c-4a85-9209-2bb001db6199d8e8.jpg]
[aojplus.artofjiujitsu.com/programs/leg-trap-guard-pass-options-stacking-pablo-lavaselli.html]
[alpha.uscreencdn.com/15xnull/images/programs/2815728/horizontal/big_8a7ac32d-576d-437d-9f5c-07b3ad57ea44d8e8.jpg]
[alpha.uscreencdn.com/499xnull/images/programs/2815728/horizontal/big_8a7ac32d-576d-437d-9f5c-07b3ad57ea44d8e8.jpg]
[aojplus.artofjiujitsu.com/programs/gui-mendes-private-lesson-with-ace-mendes-10-27-2023.html]
[alpha.uscreencdn.com/15xnull/images/programs/2689901/horizontal/big_g.1698434326d8e8.jpg]
[alpha.uscreencdn.com/499xnull/images/programs/2689901/horizontal/big_g.1698434326d8e8.jpg]
[aojplus.artofjiujitsu.com/programs/sequencing-techniques-together-to-achieve-a-submission-part-02.html]
[alpha.uscreencdn.com/15xnull/images/programs/2666749/horizontal/big_g.1697680442d8e8.jpg]
[alpha.uscreencdn.com/499xnull/images/programs/2666749/horizontal/big_g.1697680442d8e8.jpg]
[aojplus.artofjiujitsu.com/programs/sequencing-techniques-together-to-achieve-submission-part-01.html]
[alpha.uscreencdn.com/15xnull/images/programs/2666670/horizontal/big_g.1697680332d8e8.jpg]
[alpha.uscreencdn.com/499xnull/images/programs/2666670/horizontal/big_g.1697680332d8e8.jpg]
[aojplus.artofjiujitsu.com/programs/tainan-dalpra-gui-mendes-seminar-for-oc-sheriffs.html]
[alpha.uscreencdn.com/15xnull/images/programs/2628170/horizontal/big_thumbnaild8e8.jpg]
[alpha.uscreencdn.com/499xnull/images/programs/2628170/horizontal/big_thumbnaild8e8.jpg]
[aojplus.artofjiujitsu.com/programs/part-02-chaining-techniques-together-gui-mendes.html]
[alpha.uscreencdn.com/15xnull/images/programs/2627429/horizontal/big_g.1696871313d8e8.jpg]
[alpha.uscreencdn.com/499xnull/images/programs/2627429/horizontal/big_g.1696871313d8e8.jpg]
[aojplus.artofjiujitsu.com/programs/part-01-chaining-techniques-together-gui-mendes.html]
[alpha.uscreencdn.com/15xnull/images/programs/2627360/horizontal/big_g.1696871409d8e8.jpg]
[alpha.uscreencdn.com/499xnull/images/programs/2627360/horizontal/big_g.1696871409d8e8.jpg]
[aojplus.artofjiujitsu.com/categories/category-xoeIp4q9qz8.html]
[aojplus.artofjiujitsu.com/programs/basics-front-headlock-volume-02.html]
[alpha.uscreencdn.com/15xnull/images/programs/2846895/horizontal/big_b3e619ad-eb82-4643-90da-64801e815101d8e8.jpg]
[alpha.uscreencdn.com/499xnull/images/programs/2846895/horizontal/big_b3e619ad-eb82-4643-90da-64801e815101d8e8.jpg]
[aojplus.artofjiujitsu.com/programs/basics-butterfly-guard-fran-papasidero.html]
[alpha.uscreencdn.com/15xnull/images/programs/2832049/horizontal/big_cadee351-7fde-4953-b595-3233df630c4ed8e8.jpg]
[alpha.uscreencdn.com/499xnull/images/programs/2832049/horizontal/big_cadee351-7fde-4953-b595-3233df630c4ed8e8.jpg]
[aojplus.artofjiujitsu.com/programs/basics-open-guard-curriculum-zach-kaina.html]
[alpha.uscreencdn.com/15xnull/images/programs/2821045/horizontal/big_766c8521-8f32-41cd-83c9-9df983b09296d8e8.jpg]
[alpha.uscreencdn.com/499xnull/images/programs/2821045/horizontal/big_766c8521-8f32-41cd-83c9-9df983b09296d8e8.jpg]
[aojplus.artofjiujitsu.com/programs/basics-escaping-the-back-control-fran-papasidero.html]
[alpha.uscreencdn.com/15xnull/images/programs/2813228/horizontal/big_3529e968-81d4-452b-9114-98cfd7f1d7d3d8e8.jpg]
[alpha.uscreencdn.com/499xnull/images/programs/2813228/horizontal/big_3529e968-81d4-452b-9114-98cfd7f1d7d3d8e8.jpg]
[aojplus.artofjiujitsu.com/programs/basics-takedowns-from-the-back-basics-fran-papasidero.html]
[alpha.uscreencdn.com/15xnull/images/programs/2805460/horizontal/big_50ef4826-8a30-468d-b338-0ad81e475fafd8e8.jpg]
[alpha.uscreencdn.com/499xnull/images/programs/2805460/horizontal/big_50ef4826-8a30-468d-b338-0ad81e475fafd8e8.jpg]
[aojplus.artofjiujitsu.com/programs/basics-the-triangle-choke-fran-papasidero.html]
[alpha.uscreencdn.com/15xnull/images/programs/2750407/horizontal/big_3930c3da-ebb6-4e99-84ea-d6ec35462875d8e8.jpg]
[alpha.uscreencdn.com/499xnull/images/programs/2750407/horizontal/big_3930c3da-ebb6-4e99-84ea-d6ec35462875d8e8.jpg]
[aojplus.artofjiujitsu.com/programs/basics-front-head-lock-fran-papasidero.html]
[alpha.uscreencdn.com/15xnull/images/programs/2744426/horizontal/big_e152b26a-5aed-4934-a42f-71784b03e081d8e8.jpg]
[alpha.uscreencdn.com/499xnull/images/programs/2744426/horizontal/big_e152b26a-5aed-4934-a42f-71784b03e081d8e8.jpg]
[aojplus.artofjiujitsu.com/programs/basic-escaping-the-closed-guard-fran-papasidero.html]
[alpha.uscreencdn.com/15xnull/images/programs/2723408/horizontal/big_escaping-closed.1700184243d8e8.jpg]
[alpha.uscreencdn.com/499xnull/images/programs/2723408/horizontal/big_escaping-closed.1700184243d8e8.jpg]
[aojplus.artofjiujitsu.com/programs/basics-side-control-escaping-skills-francisco-papasidero.html]
[alpha.uscreencdn.com/15xnull/images/programs/2712262/horizontal/big_escaping-skills.1699463121d8e8.jpg]
[alpha.uscreencdn.com/499xnull/images/programs/2712262/horizontal/big_escaping-skills.1699463121d8e8.jpg]
[aojplus.artofjiujitsu.com/programs/basics-side-control-position.html]
[alpha.uscreencdn.com/15xnull/images/programs/2684098/horizontal/big_side-control-basics.1698171553d8e8.jpg]
[alpha.uscreencdn.com/499xnull/images/programs/2684098/horizontal/big_side-control-basics.1698171553d8e8.jpg]
[aojplus.artofjiujitsu.com/categories/technique-nogi.html]
[aojplus.artofjiujitsu.com/programs/wrestling-up-from-the-bottom-nogi-cole-abate.html]
[alpha.uscreencdn.com/15xnull/images/programs/2596153/horizontal/big_nogi-program.1695232192d8e8.jpg]
[alpha.uscreencdn.com/499xnull/images/programs/2596153/horizontal/big_nogi-program.1695232192d8e8.jpg]
[aojplus.artofjiujitsu.com/programs/arm-weave-shin-slice-to-shoulder-roll-back-take-cole-abate-nogi.html]
[alpha.uscreencdn.com/15xnull/images/programs/2508501/horizontal/big_c-2.1689999092d8e8.jpg]
[alpha.uscreencdn.com/499xnull/images/programs/2508501/horizontal/big_c-2.1689999092d8e8.jpg]
[aojplus.artofjiujitsu.com/programs/entering-the-duck-under-versus-the-knee-shield-cole-abate.html]
[alpha.uscreencdn.com/15xnull/images/programs/2508493/horizontal/big_c.1689998550d8e8.jpg]
[alpha.uscreencdn.com/499xnull/images/programs/2508493/horizontal/big_c.1689998550d8e8.jpg]
[aojplus.artofjiujitsu.com/programs/options-from-reverse-half-guard-cole-abate-nogi.html]
[alpha.uscreencdn.com/15xnull/images/programs/2508489/horizontal/big_c.1689997958d8e8.jpg]
[alpha.uscreencdn.com/499xnull/images/programs/2508489/horizontal/big_c.1689997958d8e8.jpg]
[aojplus.artofjiujitsu.com/programs/nogi-back-attack-study-diego-pato.html]
[alpha.uscreencdn.com/15xnull/images/programs/2390171/horizontal/big_p.1689514224d8e8.jpg]
[alpha.uscreencdn.com/499xnull/images/programs/2390171/horizontal/big_p.1689514224d8e8.jpg]
[aojplus.artofjiujitsu.com/programs/diego-pato-options-from-the-saddle-position.html]
[alpha.uscreencdn.com/15xnull/images/programs/2341875/horizontal/big_p.1686321779d8e8.jpg]
[alpha.uscreencdn.com/499xnull/images/programs/2341875/horizontal/big_p.1686321779d8e8.jpg]
[aojplus.artofjiujitsu.com/programs/diego-pato-getting-under-from-the-de-la-riva.html]
[alpha.uscreencdn.com/15xnull/images/programs/2341868/horizontal/big_p.1686321583d8e8.jpg]
[alpha.uscreencdn.com/499xnull/images/programs/2341868/horizontal/big_p.1686321583d8e8.jpg]
[aojplus.artofjiujitsu.com/programs/diego-pato-details-for-finishing-the-outside-heelhook.html]
[alpha.uscreencdn.com/15xnull/images/programs/2341089/horizontal/big_p.1686287535d8e8.jpg]
[alpha.uscreencdn.com/499xnull/images/programs/2341089/horizontal/big_p.1686287535d8e8.jpg]
[aojplus.artofjiujitsu.com/programs/diego-pato-footlock-options-on-opposite-leg.html]
[alpha.uscreencdn.com/15xnull/images/programs/2322913/horizontal/big_p.1686286787d8e8.jpg]
[alpha.uscreencdn.com/499xnull/images/programs/2322913/horizontal/big_p.1686286787d8e8.jpg]
[aojplus.artofjiujitsu.com/programs/diego-pato-nogi-footlock-counter-attacks.html]
[alpha.uscreencdn.com/15xnull/images/programs/2306754/horizontal/big_pato.1684876082d8e8.jpg]
[alpha.uscreencdn.com/499xnull/images/programs/2306754/horizontal/big_pato.1684876082d8e8.jpg]
[aojplus.artofjiujitsu.com/programs/backtake-option-entering-with-2on1-and-shin-to-shin.html]
[alpha.uscreencdn.com/15xnull/images/programs/1966075/horizontal/big_COLE.1669226864d8e8.jpg]
[alpha.uscreencdn.com/499xnull/images/programs/1966075/horizontal/big_COLE.1669226864d8e8.jpg]
[aojplus.artofjiujitsu.com/programs/guard-pass-sequences-using-leg-drag-21a042.html]
[alpha.uscreencdn.com/15xnull/images/programs/1913251/horizontal/big_RAFAEL.1666198971d8e8.jpg]
[alpha.uscreencdn.com/499xnull/images/programs/1913251/horizontal/big_RAFAEL.1666198971d8e8.jpg]
[aojplus.artofjiujitsu.com/categories/sparring.html]
[aojplus.artofjiujitsu.com/programs/rafael-mendes-sparring-brown-belt-2-2-2024.html]
[alpha.uscreencdn.com/15xnull/images/programs/2852588/horizontal/big_0edafb70-f954-49dd-98b0-0ca7768f2fc1d8e8.jpg]
[alpha.uscreencdn.com/499xnull/images/programs/2852588/horizontal/big_0edafb70-f954-49dd-98b0-0ca7768f2fc1d8e8.jpg]
[aojplus.artofjiujitsu.com/programs/rafael-mendes-sparring-black-belt-11-9-2023.html]
[alpha.uscreencdn.com/15xnull/images/programs/2715115/horizontal/big_r.1699644247d8e8.jpg]
[alpha.uscreencdn.com/499xnull/images/programs/2715115/horizontal/big_r.1699644247d8e8.jpg]
[aojplus.artofjiujitsu.com/programs/rafael-mendes-sparring-nogi-02-11-9-2023.html]
[alpha.uscreencdn.com/15xnull/images/programs/2715127/horizontal/big_r.1699644092d8e8.jpg]
[alpha.uscreencdn.com/499xnull/images/programs/2715127/horizontal/big_r.1699644092d8e8.jpg]
[aojplus.artofjiujitsu.com/programs/rafael-mendes-sparring-nogi-11-9-2023.html]
[alpha.uscreencdn.com/15xnull/images/programs/2715119/horizontal/big_r.1699643971d8e8.jpg]
[alpha.uscreencdn.com/499xnull/images/programs/2715119/horizontal/big_r.1699643971d8e8.jpg]
[aojplus.artofjiujitsu.com/programs/diego-pato-sparring-nogi-11-9-2023.html]
[alpha.uscreencdn.com/15xnull/images/programs/2714981/horizontal/big_p.1699647129d8e8.jpg]
[alpha.uscreencdn.com/499xnull/images/programs/2714981/horizontal/big_p.1699647129d8e8.jpg]
[aojplus.artofjiujitsu.com/programs/diego-pato-sparring-purple-belt-11-9-2023.html]
[alpha.uscreencdn.com/15xnull/images/programs/2714948/horizontal/big_p.1699646968d8e8.jpg]
[alpha.uscreencdn.com/499xnull/images/programs/2714948/horizontal/big_p.1699646968d8e8.jpg]
[aojplus.artofjiujitsu.com/programs/diego-pato-sparring-black-belt-11-9-2023.html]
[alpha.uscreencdn.com/15xnull/images/programs/2714942/horizontal/big_p.1699646719d8e8.jpg]
[alpha.uscreencdn.com/499xnull/images/programs/2714942/horizontal/big_p.1699646719d8e8.jpg]
[aojplus.artofjiujitsu.com/programs/diego-pato-sparring-brown-belt-11-9-2023.html]
[alpha.uscreencdn.com/15xnull/images/programs/2714940/horizontal/big_p.1699646894d8e8.jpg]
[alpha.uscreencdn.com/499xnull/images/programs/2714940/horizontal/big_p.1699646894d8e8.jpg]
[aojplus.artofjiujitsu.com/programs/cole-abate-sparring-black-belt-02-11-9-2023.html]
[alpha.uscreencdn.com/15xnull/images/programs/2714813/horizontal/big_c.1699635228d8e8.jpg]
[alpha.uscreencdn.com/499xnull/images/programs/2714813/horizontal/big_c.1699635228d8e8.jpg]
[aojplus.artofjiujitsu.com/programs/cole-abate-sparring-brown-belt-11-9-2023.html]
[alpha.uscreencdn.com/15xnull/images/programs/2714802/horizontal/big_c.1699635123d8e8.jpg]
[alpha.uscreencdn.com/499xnull/images/programs/2714802/horizontal/big_c.1699635123d8e8.jpg]
[aojplus.artofjiujitsu.com/categories/drills.html]
[aojplus.artofjiujitsu.com/programs/drill-session-from-front-headlock-rafael-mendes.html]
[alpha.uscreencdn.com/15xnull/images/programs/2525459/horizontal/big_front.1691009077d8e8.jpg]
[alpha.uscreencdn.com/499xnull/images/programs/2525459/horizontal/big_front.1691009077d8e8.jpg]
[aojplus.artofjiujitsu.com/programs/nogi-drill-session-featuring-cole-abate-jacob-couch.html]
[alpha.uscreencdn.com/15xnull/images/programs/1994217/horizontal/big_COLE.1670870160d8e8.jpg]
[alpha.uscreencdn.com/499xnull/images/programs/1994217/horizontal/big_COLE.1670870160d8e8.jpg]
[aojplus.artofjiujitsu.com/programs/submissions-from-the-side-control.html]
[alpha.uscreencdn.com/15xnull/images/programs/1823682/horizontal/big_WEBSITE.00_00_20_16.Still001.1660012670d8e8.jpg]
[alpha.uscreencdn.com/499xnull/images/programs/1823682/horizontal/big_WEBSITE.00_00_20_16.Still001.1660012670d8e8.jpg]
[aojplus.artofjiujitsu.com/programs/drills-46a227.html]
[alpha.uscreencdn.com/15xnull/images/programs/1808282/horizontal/big_DRILLS.00_00_02_21.Still001.1658955796d8e8.jpg]
[alpha.uscreencdn.com/499xnull/images/programs/1808282/horizontal/big_DRILLS.00_00_02_21.Still001.1658955796d8e8.jpg]
[aojplus.artofjiujitsu.com/programs/options-from-the-half-guard-tainan-dalpra.html]
[alpha.uscreencdn.com/15xnull/images/programs/1786923/horizontal/big_TAINAN_DRILL.00_01_08_22.Still001.1657825489d8e8.jpg]
[alpha.uscreencdn.com/499xnull/images/programs/1786923/horizontal/big_TAINAN_DRILL.00_01_08_22.Still001.1657825489d8e8.jpg]
[aojplus.artofjiujitsu.com/programs/drill-89702f.html]
[alpha.uscreencdn.com/15xnull/images/programs/1763432/horizontal/big_DRILL.00_00_37_07.Still001.1656549788d8e8.jpg]
[alpha.uscreencdn.com/499xnull/images/programs/1763432/horizontal/big_DRILL.00_00_37_07.Still001.1656549788d8e8.jpg]
[aojplus.artofjiujitsu.com/programs/nogi-drill-session-rafael-mendes-cole-abate.html]
[alpha.uscreencdn.com/15xnull/images/programs/1747802/horizontal/big_NOGI.1655520483d8e8.jpg]
[alpha.uscreencdn.com/499xnull/images/programs/1747802/horizontal/big_NOGI.1655520483d8e8.jpg]
[aojplus.artofjiujitsu.com/programs/combining-techniques-on-top-mick-whelan.html]
[alpha.uscreencdn.com/15xnull/images/programs/1732700/horizontal/big_thumbnaild8e8.jpg]
[alpha.uscreencdn.com/499xnull/images/programs/1732700/horizontal/big_thumbnaild8e8.jpg]
[aojplus.artofjiujitsu.com/programs/armbar-submissions-from-top-ricardo-yoshito.html]
[alpha.uscreencdn.com/15xnull/images/programs/1718848/horizontal/big_RICARDO.1654885253d8e8.jpg]
[alpha.uscreencdn.com/499xnull/images/programs/1718848/horizontal/big_RICARDO.1654885253d8e8.jpg]
[aojplus.artofjiujitsu.com/programs/armbar-submissions-and-variations.html]
[alpha.uscreencdn.com/15xnull/images/programs/1715775/horizontal/big_WEBSITE.00_01_46_22.Still001.1654713286d8e8.jpg]
[alpha.uscreencdn.com/499xnull/images/programs/1715775/horizontal/big_WEBSITE.00_01_46_22.Still001.1654713286d8e8.jpg]
[aojplus.artofjiujitsu.com/programs/drill-5a6ace.html]
[alpha.uscreencdn.com/15xnull/images/programs/1664811/horizontal/big_JOHNATHA-ALVES.1651529256d8e8.jpg]
[alpha.uscreencdn.com/499xnull/images/programs/1664811/horizontal/big_JOHNATHA-ALVES.1651529256d8e8.jpg]
[aojplus.artofjiujitsu.com/programs/attacks-passing-over-the-de-la-riva-tainan-dalpra-037977.html]
[alpha.uscreencdn.com/15xnull/images/programs/1660235/horizontal/big_thumbnaild8e8.jpg]
[alpha.uscreencdn.com/499xnull/images/programs/1660235/horizontal/big_thumbnaild8e8.jpg]
[aojplus.artofjiujitsu.com/categories/portuguese.html]
[aojplus.artofjiujitsu.com/programs/guarda-x-curriculo-de-tainan-dalpra.html]
[alpha.uscreencdn.com/15xnull/images/programs/2236359/horizontal/big_t.1683905242d8e8.jpg]
[alpha.uscreencdn.com/499xnull/images/programs/2236359/horizontal/big_t.1683905242d8e8.jpg]
[aojplus.artofjiujitsu.com/programs/enterrada.html]
[alpha.uscreencdn.com/15xnull/images/programs/1868859/horizontal/big_thumbnaild8e8.jpg]
[alpha.uscreencdn.com/499xnull/images/programs/1868859/horizontal/big_thumbnaild8e8.jpg]
[aojplus.artofjiujitsu.com/programs/raspagem-partindo-da-guarda-de-la-riva-para-o-leg-drag.html]
[alpha.uscreencdn.com/15xnull/images/programs/1863866/horizontal/big_JOHN_PORTUGUESE.00_10_15_18.Still001.1662763310d8e8.jpg]
[alpha.uscreencdn.com/499xnull/images/programs/1863866/horizontal/big_JOHN_PORTUGUESE.00_10_15_18.Still001.1662763310d8e8.jpg]
[aojplus.artofjiujitsu.com/programs/retencao-de-guarda-johnatha-alves.html]
[alpha.uscreencdn.com/15xnull/images/programs/1826523/horizontal/big_thumbnaild8e8.jpg]
[alpha.uscreencdn.com/499xnull/images/programs/1826523/horizontal/big_thumbnaild8e8.jpg]
[aojplus.artofjiujitsu.com/programs/one-on-one-gui-mendes-pedro-fontes.html]
[alpha.uscreencdn.com/15xnull/images/programs/1818910/horizontal/big_GUI_-_ONE_ON_ONE.00_21_03_18.Still001.1659640248d8e8.jpg]
[alpha.uscreencdn.com/499xnull/images/programs/1818910/horizontal/big_GUI_-_ONE_ON_ONE.00_21_03_18.Still001.1659640248d8e8.jpg]
[aojplus.artofjiujitsu.com/programs/aula-particular-no-brasil-rafael-gui-mendes.html]
[alpha.uscreencdn.com/15xnull/images/programs/1815548/horizontal/big_RIOCLARO.1659557181d8e8.jpg]
[alpha.uscreencdn.com/499xnull/images/programs/1815548/horizontal/big_RIOCLARO.1659557181d8e8.jpg]
[aojplus.artofjiujitsu.com/programs/tour-pela-cidade-de-rio-claro-feat-rafael-mendes.html]
[alpha.uscreencdn.com/15xnull/images/programs/1815361/horizontal/big_RAFAEL.1659452398d8e8.jpg]
[alpha.uscreencdn.com/499xnull/images/programs/1815361/horizontal/big_RAFAEL.1659452398d8e8.jpg]
[aojplus.artofjiujitsu.com/programs/seminario-em-florianopolis-gui-mendes.html]
[alpha.uscreencdn.com/15xnull/images/programs/1809975/horizontal/big_thumbnaild8e8.jpg]
[alpha.uscreencdn.com/499xnull/images/programs/1809975/horizontal/big_thumbnaild8e8.jpg]
[aojplus.artofjiujitsu.com/programs/rafael-mendes-hugo-dias-jiu-life-brazil.html]
[alpha.uscreencdn.com/15xnull/images/programs/1804653/horizontal/big_RAFAEEL.1658785068d8e8.jpg]
[alpha.uscreencdn.com/499xnull/images/programs/1804653/horizontal/big_RAFAEEL.1658785068d8e8.jpg]
[aojplus.artofjiujitsu.com/programs/discussao-apos-round-de-sparring-gui-mendes-joao-miyao.html]
[alpha.uscreencdn.com/15xnull/images/programs/1805806/horizontal/big_JOAO_X_GUI.00_00_06_21.Still001.1658859260d8e8.jpg]
[alpha.uscreencdn.com/499xnull/images/programs/1805806/horizontal/big_JOAO_X_GUI.00_00_06_21.Still001.1658859260d8e8.jpg]
[aojplus.artofjiujitsu.com/programs/atacando-leg-trap-para-a-emborcada.html]
[alpha.uscreencdn.com/15xnull/images/programs/1532915/horizontal/big_thumbnaild8e8.jpg]
[alpha.uscreencdn.com/499xnull/images/programs/1532915/horizontal/big_thumbnaild8e8.jpg]
[aojplus.artofjiujitsu.com/programs/atacando-leg-trap-para-o-leg-drag.html]
[alpha.uscreencdn.com/15xnull/images/programs/1532914/horizontal/big_thumbnaild8e8.jpg]
[alpha.uscreencdn.com/499xnull/images/programs/1532914/horizontal/big_thumbnaild8e8.jpg]
[assets-gke.uscreencdn.com/theme_assets/26872/script46c1.js]
[use.fontawesome.com/releases/v5.0.13/css/all.css]
[aojplus.artofjiujitsu.com/index.html]
[artofjiujitsu.com/cdn/shop/files/AOJ-MV_e7760ab0-dbb2-466c-8f9e-59a106d64797_{width}x3ba1.html]
[cdn.attn.tv/aoj/dtag.js]
[artofjiujitsu.com/cdn/shop/files/MARTIAL-ARTS-PHILOSOPHY_300x3009d31.jpg]
[artofjiujitsu.com/cdn/shop/files/MARTIAL-ARTS-PHILOSOPHY_2048x20489d31.jpg]
[artofjiujitsu.com/cdn/shop/files/preview_images/d0acbfc350d6482bbbdaa955cd784fe3.thumbnail.0000000000_1920x18a0.jpg]
[artofjiujitsu.com/pages/our-method.html]
[artofjiujitsu.com/cdn/shop/files/AOJ-KIDS-NOGI_300x300f261.jpg]
[artofjiujitsu.com/cdn/shop/files/AOJ-KIDS-NOGI_{width}xf261.jpg]
[artofjiujitsu.com/cdn/shop/files/AOJ-KIDS-NOGI_2048x2048f261.jpg]
[artofjiujitsu.com/cdn/shop/files/preview_images/81414b4c61294666a4fc57318c38feca.thumbnail.0000000000_1020x6588.jpg]
[artofjiujitsu.com/cdn/shop/files/AOJ-KIDS-3-5_300x300ddc2.jpg]
[artofjiujitsu.com/cdn/shop/files/AOJ-KIDS-3-5_{width}xddc2.jpg]
[artofjiujitsu.com/cdn/shop/files/AOJ-KIDS-3-5_2048x2048ddc2.jpg]
[artofjiujitsu.com/cdn/shop/files/KIDS-3-5-MV-036624.jpg]
[artofjiujitsu.com/cdn/shop/files/KIDS-3-5-MV-022cec.jpg]
[artofjiujitsu.com/cdn/shop/files/KIDS-3-5-MV-014384.jpg]
[artofjiujitsu.com/cdn/shop/files/KIDS-3-5-MV-04a967.jpg]
[artofjiujitsu.com/pages/kids-program.html]
[cdn.shopify.com/videos/c/o/v/d50b2707efc44de3b99beac57a99231e.mp4]
[artofjiujitsu.com/cdn/shop/files/AOJ-ADULTS-PROGRAM_{width}x25bb.jpg]
[artofjiujitsu.com/cdn/shop/files/AOJ-ADULTS-PROGRAM_2048x204825bb.jpg]
[artofjiujitsu.com/cdn/shop/files/AOJ-ADULTS-020b9b.jpg]
[artofjiujitsu.com/cdn/shop/files/AOJ-ADULTS-01_3036fc00-14b1-44bb-b1af-bac73527bc9dc29e.jpg]
[cdn.shopify.com/videos/c/o/v/7080305f97104aa5b3a959880bdc4241.mp4]
[artofjiujitsu.com/pages/adults-program.html]
[artofjiujitsu.com/cdn/shop/files/AOJ-ENTRANCE-02ff08.jpg]
[artofjiujitsu.com/cdn/shop/files/OFFICE_cfdd988e-0f71-4f61-9c28-e44fa7b158ec853b.jpg]
[artofjiujitsu.com/cdn/shop/files/AOJ-ENTRANCE4bf3.jpg]
[artofjiujitsu.com/cdn/shop/files/MENS-LOCKERROOM_aa5fee83-a5a6-4071-8e6b-ef4ba0e1f82d0adf.jpg]
[artofjiujitsu.com/cdn/shop/files/MENS-LOCKERROOM-02_59a2529a-2e6f-4b99-b287-d1b8bbfe61b3ec3a.jpg]
[artofjiujitsu.com/cdn/shop/files/MENS-LOCKERROOM-031d3e.jpg]
[artofjiujitsu.com/cdn/shop/files/WOMENS-LOCKERROOM_891ea8d0-00c3-48bf-add2-d055a54b4e827d9a.jpg]
[artofjiujitsu.com/cdn/shop/files/WOMENS-LOCKERROOM-02_f5d1a8d9-3f51-473b-9ca8-7f9ceca8d0dbd223.jpg]
[artofjiujitsu.com/cdn/shop/files/LOUNGEf91a.jpg]
[artofjiujitsu.com/cdn/shop/files/LOUNGE-02df71.jpg]
[artofjiujitsu.com/cdn/shop/files/LOUNGE-03287b.jpg]
[cdn.shopify.com/videos/c/o/v/9587e25f1fd34e5f9f5a030fc4cd71bf.mp4]
[artofjiujitsu.com/cdn/shop/t/2/assets/scroll.main2646.js]
[artofjiujitsu.com/pages/mission-viejo.html]
[artofjiujitsu.com/cdn/shop/files/AOJ-MV_3277f195-47a0-4116-beb8-d5cce2495771_{width}x0191.html]
[artofjiujitsu.com/cdn/shop/files/AOJ-COSTA-MESA_{width}xc48e.html]
[artofjiujitsu.com/pages/contact.html]
[artofjiujitsu.com/pages/terms-service.html]
[artofjiujitsu.com/pages/privacy-policy.html]
[artofjiujitsu.com/cdn/shopifycloud/shopify-plyr/v1.0/shopify-plyr.css]
[artofjiujitsu.com/pages/_data_image/png;base64,iVBORw0KGgoAAAANSUhEUgAAABAAAAAQCAYA/9hAAABHklEQVQ4EaVTO26DQBD1ohQWaS2lg9JybZ+AK7hNw/98DywOw3Dued4Who/M2aIx5lZV1aEsy0+qiwHELyi+Yt/il8IalkCLBfNVAAAAABJRU5]
[artofjiujitsu.com/cdn/shop/t/2/assets/sparkle.html]
[artofjiujitsu.com/cdn/shop/files/STARTER-PACK_47b6d03e-c227-4e20-9571-94c7573833d1_{width}xceff.html]
[artofjiujitsu.com/pages/buy-guest-pass.html]
[artofjiujitsu.com/cdn/shop/t/2/assets/section-multi-scrollabledc18.css]
[assets-gke.uscreencdn.com/packs/css/storefront_hotwire-styles-be31a0afcf2800ab8e88.css]
[assets-gke.uscreencdn.com/assets/tailwind-09775fd311fa6a31c32a88696518a250a9f19605e9407d9130714ab694389c6d.css]
[assets-gke.uscreencdn.com/assets/storefront_common-97359f198d4a0829dfce1959a0fffffcb22d96aa33e304900e5fb16ec4c927e2.css]
[assets-gke.uscreencdn.com/theme_assets/26872/polaris40e0.css]
[assets-gke.uscreencdn.com/theme_assets/26872/vendor_css40e0.css]
[assets-gke.uscreencdn.com/theme_assets/26872/style40e0.css]
[artofjiujitsu.com/cdn/shop/files/ESSENTIAL-KIMONO_300x300a2ed.jpg]
[artofjiujitsu.com/cdn/shop/files/ESSENTIAL-KIMONO_{width}xa2ed.jpg]
[artofjiujitsu.com/cdn/shop/files/ESSENTIAL-KIMONO_2048x2048a2ed.jpg]
[artofjiujitsu.com/cdn/shop/files/RANKED-RASHGUARD-NEW_300x3000f2d.jpg]
[artofjiujitsu.com/cdn/shop/files/RANKED-RASHGUARD-NEW_{width}x0f2d.jpg]
[artofjiujitsu.com/cdn/shop/files/RANKED-RASHGUARD-NEW_2048x20480f2d.jpg]
[artofjiujitsu.com/cdn/shop/files/FLORAL-BANNER_300x300ebd5.jpg]
[artofjiujitsu.com/cdn/shop/files/FLORAL-BANNER_{width}xebd5.jpg]
[artofjiujitsu.com/cdn/shop/files/FLORAL-BANNER_2048x2048ebd5.jpg]
[artofjiujitsu.com/pages/new-releases.html]
[assets-gke.uscreencdn.com/theme_assets/26872/landing-page-css40e0.css]
[alpha.uscreencdn.com/999xnull/images/programs/2589676/horizontal/big_pablo-.1695156115d8e8.jpg]
[aojplus.artofjiujitsu.com/checkout/newc8af.html]
[s3.us-east-1.amazonaws.com/unode1/assets/assets/26872/all-access-tainan-dalpra.1694544923.jpg]
[aojplus.artofjiujitsu.com/checkout/newe058.html]
[s3.us-east-1.amazonaws.com/unode1/assets/assets/26872/untitled-2.1684203180.jpg]
[aojplus.artofjiujitsu.com/checkout/new3c80.html]
[alpha.uscreencdn.com/999xnull/images/programs/2236359/horizontal/big_t.1683905242d8e8.jpg]
[aojplus.artofjiujitsu.com/pages/free-content.html]
[aojplus.artofjiujitsu.com/checkout/newd95e.html]
[cdn.shopify.com/videos/c/o/v/3ca87ebabeda45fb9ffb556ea6b524d3.mp4]
[cdn.shopify.com/s/files/1/0554/1206/4337/files/uncheck0a95.svg]
[cdn.shopify.com/s/files/1/0554/1206/4337/files/check0a95.svg]
[aojplus.artofjiujitsu.com/checkout/new1b1e.html]
[aojplus.artofjiujitsu.com/checkout/new4e35.html]
[artofjiujitsu.com/cdn/shop/files/RAFAEL-MENDES7da3.jpg]
[artofjiujitsu.com/cdn/shop/files/GUI-MENDES0d20.jpg]
[artofjiujitsu.com/cdn/shop/files/TAINAN-DALPRA_02e0c55f-6f62-43d0-b8e2-5fcbb4320c6f9d5c.jpg]
[artofjiujitsu.com/cdn/shop/files/COLE-ABATEb781.jpg]
[artofjiujitsu.com/cdn/shop/files/PABLO-LAVASELLI_28131850-748e-4b74-b86c-94a4e7204caf49ff.jpg]
[artofjiujitsu.com/cdn/shop/files/preview_images/7dcf8c03f87646b1931126d06b19a05e.thumbnail.0000000000_1220xa265.jpg]
[artofjiujitsu.com/cdn/shop/files/preview_images/f9ff2eb8064a4a31ac3f4c640f46ba72.thumbnail.0000000000_1220x24aa.jpg]
[artofjiujitsu.com/cdn/shop/files/preview_images/3fdf71c4262b4c40a52c5600f9d86357.thumbnail.0000000000_1220x797e.jpg]
[artofjiujitsu.com/cdn/shop/files/preview_images/ed602017a3c044afa24e0590dd75955c.thumbnail.0000000000_1020x820d.jpg]
[artofjiujitsu.com/cdn/shop/files/IPHONE_300x3007df8.png]
[artofjiujitsu.com/cdn/shop/files/IPHONE_{width}x7df8.png]
[artofjiujitsu.com/cdn/shop/files/AOJ_APP_74332cc3-788f-467f-8f1a-86c50e2762cdc9ed.png]
[artofjiujitsu.com/pages/subscription.html]
[aojplus.artofjiujitsu.com/programs/inside-aojec3b.turbo_stream]
[aojplus.artofjiujitsu.com/programs/inside-aoj.html]
[aojplus.artofjiujitsu.com/categories/on-demand.html]
[aojplus.artofjiujitsu.com/categories/on-demand/watched_videos.html]
[aojplus.artofjiujitsu.com/programs/gola-y-manga-serie-en-espanol-de-pablo-lavaselliec3b.turbo_stream]
[aojplus.artofjiujitsu.com/programs/gola-y-manga-serie-en-espanol-de-pablo-lavaselli.html]
[aojplus.artofjiujitsu.com/programs/submission-series-2023-competition-season-tainan-dalpraec3b.turbo_stream]
[aojplus.artofjiujitsu.com/programs/submission-series-2023-competition-season-tainan-dalpra.html]
[aojplus.artofjiujitsu.com/programs/anaconda-choke-masterclass-rafael-mendesec3b.turbo_stream]
[aojplus.artofjiujitsu.com/programs/anaconda-choke-masterclass-rafael-mendes.html]
[aojplus.artofjiujitsu.com/programs/on-demand-armbar-masterclassec3b.turbo_stream]
[aojplus.artofjiujitsu.com/programs/on-demand-armbar-masterclass.html]
[aojplus.artofjiujitsu.com/programs/on-demand-passing-the-lasso-and-spider-guardec3b.turbo_stream]
[aojplus.artofjiujitsu.com/programs/on-demand-passing-the-lasso-and-spider-guard.html]
[aojplus.artofjiujitsu.com/programs/on-demand-finishing-the-pass-gui-mendesec3b.turbo_stream]
[aojplus.artofjiujitsu.com/programs/on-demand-finishing-the-pass-gui-mendes.html]
[aojplus.artofjiujitsu.com/programs/on-demand-game-theory-tainan-dalpra-gui-mendesec3b.turbo_stream]
[aojplus.artofjiujitsu.com/programs/on-demand-game-theory-tainan-dalpra-gui-mendes.html]
[aojplus.artofjiujitsu.com/programs/on-demand-back-take-masterclass-tainan-dalpraec3b.turbo_stream]
[aojplus.artofjiujitsu.com/programs/on-demand-back-take-masterclass-tainan-dalpra.html]
[aojplus.artofjiujitsu.com/programs/on-demand-longstep-masterclass-tainan-dalpraec3b.turbo_stream]
[aojplus.artofjiujitsu.com/programs/on-demand-longstep-masterclass-tainan-dalpra.html]
[aojplus.artofjiujitsu.com/programs/on-demand-x-guard-masterclass-tainan-dalpraec3b.turbo_stream]
[aojplus.artofjiujitsu.com/programs/on-demand-x-guard-masterclass-tainan-dalpra.html]
[aojplus.artofjiujitsu.com/programs/on-demand-foundational-jiu-jitsuec3b.turbo_stream]
[aojplus.artofjiujitsu.com/programs/on-demand-foundational-jiu-jitsu.html]
[aojplus.artofjiujitsu.com/programs/on-demand-guard-pass-systemec3b.turbo_stream]
[aojplus.artofjiujitsu.com/programs/on-demand-guard-pass-system.html]
[aojplus.artofjiujitsu.com/categories/recently-added.html]
[aojplus.artofjiujitsu.com/categories/recently-added/watched_videos.html]
[aojplus.artofjiujitsu.com/programs/matchbreakdown-fran-papasidero-pansec3b.turbo_stream]
[aojplus.artofjiujitsu.com/programs/matchbreakdown-fran-papasidero-pans.html]
[aojplus.artofjiujitsu.com/programs/8am-fundamentals-attacking-submissions-from-side-controlec3b.turbo_stream]
[aojplus.artofjiujitsu.com/programs/8am-fundamentals-attacking-submissions-from-side-control.html]
[aojplus.artofjiujitsu.com/programs/curriculum-back-escapesec3b.turbo_stream]
[aojplus.artofjiujitsu.com/programs/curriculum-back-escapes.html]
[aojplus.artofjiujitsu.com/programs/basics-starter-pack-fran-papasideroec3b.turbo_stream]
[aojplus.artofjiujitsu.com/programs/basics-starter-pack-fran-papasidero.html]
[aojplus.artofjiujitsu.com/programs/tainan-dalpra-sparring-sequences-2-27-2024ec3b.turbo_stream]
[aojplus.artofjiujitsu.com/programs/tainan-dalpra-sparring-sequences-2-27-2024.html]
[aojplus.artofjiujitsu.com/programs/curriculum-studying-the-berimbolo-pablo-lavaselliec3b.turbo_stream]
[aojplus.artofjiujitsu.com/programs/curriculum-studying-the-berimbolo-pablo-lavaselli.html]
[aojplus.artofjiujitsu.com/programs/cross-sleeve-guard-2024-europeans-breakdown-gutemberg-perieraec3b.turbo_stream]
[aojplus.artofjiujitsu.com/programs/cross-sleeve-guard-2024-europeans-breakdown-gutemberg-periera.html]
[aojplus.artofjiujitsu.com/programs/escaping-submissions-nogi-curriculum-cole-abateec3b.turbo_stream]
[aojplus.artofjiujitsu.com/programs/escaping-submissions-nogi-curriculum-cole-abate.html]
[aojplus.artofjiujitsu.com/programs/basics-guard-retention-zach-kainaec3b.turbo_stream]
[aojplus.artofjiujitsu.com/programs/basics-guard-retention-zach-kaina.html]
[aojplus.artofjiujitsu.com/programs/counter-attacking-with-guard-retention-nogi-cole-abateec3b.turbo_stream]
[aojplus.artofjiujitsu.com/programs/counter-attacking-with-guard-retention-nogi-cole-abate.html]
[aojplus.artofjiujitsu.com/programs/tainan-dalpra-sparring-nogi-feb-2-2024ec3b.turbo_stream]
[aojplus.artofjiujitsu.com/programs/tainan-dalpra-sparring-nogi-feb-2-2024.html]
[aojplus.artofjiujitsu.com/categories/curriculum.html]
[aojplus.artofjiujitsu.com/categories/curriculum/watched_videos.html]
[aojplus.artofjiujitsu.com/programs/sweeps-from-de-la-riva-with-pants-and-sleeve-curriculum-jessa-khanec3b.turbo_stream]
[aojplus.artofjiujitsu.com/programs/sweeps-from-de-la-riva-with-pants-and-sleeve-curriculum-jessa-khan.html]
[aojplus.artofjiujitsu.com/programs/guard-pass-sequences-pablo-lavaselli-curriculumec3b.turbo_stream]
[aojplus.artofjiujitsu.com/programs/guard-pass-sequences-pablo-lavaselli-curriculum.html]
[aojplus.artofjiujitsu.com/programs/passing-the-seated-guard-position-curriculum-cole-abateec3b.turbo_stream]
[aojplus.artofjiujitsu.com/programs/passing-the-seated-guard-position-curriculum-cole-abate.html]
[aojplus.artofjiujitsu.com/programs/same-side-collar-and-elbow-guard-study-tainan-dalpraec3b.turbo_stream]
[aojplus.artofjiujitsu.com/programs/same-side-collar-and-elbow-guard-study-tainan-dalpra.html]
[aojplus.artofjiujitsu.com/programs/curriculum-studying-the-mount-position-pablo-lavaselliec3b.turbo_stream]
[aojplus.artofjiujitsu.com/programs/curriculum-studying-the-mount-position-pablo-lavaselli.html]
[aojplus.artofjiujitsu.com/programs/curriculum-hybrid-guard-study-pablo-lavaselliec3b.turbo_stream]
[aojplus.artofjiujitsu.com/programs/curriculum-hybrid-guard-study-pablo-lavaselli.html]
[aojplus.artofjiujitsu.com/programs/achieving-the-half-guard-position-pablo-lavaselliec3b.turbo_stream]
[aojplus.artofjiujitsu.com/programs/achieving-the-half-guard-position-pablo-lavaselli.html]
[aojplus.artofjiujitsu.com/categories/originals.html]
[aojplus.artofjiujitsu.com/categories/originals/watched_videos.html]
[aojplus.artofjiujitsu.com/programs/building-aoj-02ec3b.turbo_stream]
[aojplus.artofjiujitsu.com/programs/building-aoj-02.html]
[aojplus.artofjiujitsu.com/programs/2023-competition-seasonec3b.turbo_stream]
[aojplus.artofjiujitsu.com/programs/2023-competition-season.html]
[aojplus.artofjiujitsu.com/programs/the-rematch-dalpra-x-bahienseec3b.turbo_stream]
[aojplus.artofjiujitsu.com/programs/the-rematch-dalpra-x-bahiense.html]
[aojplus.artofjiujitsu.com/programs/one-on-oneec3b.turbo_stream]
[aojplus.artofjiujitsu.com/programs/one-on-one.html]
[aojplus.artofjiujitsu.com/programs/2022-competition-seasonec3b.turbo_stream]
[aojplus.artofjiujitsu.com/programs/2022-competition-season.html]
[aojplus.artofjiujitsu.com/programs/2021-competition-seasonec3b.turbo_stream]
[aojplus.artofjiujitsu.com/programs/2021-competition-season.html]
[aojplus.artofjiujitsu.com/programs/2020-competition-seasonec3b.turbo_stream]
[aojplus.artofjiujitsu.com/programs/2020-competition-season.html]
[aojplus.artofjiujitsu.com/categories/technique.html]
[aojplus.artofjiujitsu.com/categories/technique/watched_videos.html]
[aojplus.artofjiujitsu.com/programs/details-for-straight-ankle-lock-pablo-lavaselliec3b.turbo_stream]
[aojplus.artofjiujitsu.com/programs/details-for-straight-ankle-lock-pablo-lavaselli.html]
[aojplus.artofjiujitsu.com/programs/leg-trap-guard-pass-options-stacking-pablo-lavaselliec3b.turbo_stream]
[aojplus.artofjiujitsu.com/programs/leg-trap-guard-pass-options-stacking-pablo-lavaselli.html]
[aojplus.artofjiujitsu.com/programs/gui-mendes-private-lesson-with-ace-mendes-10-27-2023ec3b.turbo_stream]
[aojplus.artofjiujitsu.com/programs/gui-mendes-private-lesson-with-ace-mendes-10-27-2023.html]
[aojplus.artofjiujitsu.com/programs/sequencing-techniques-together-to-achieve-a-submission-part-02ec3b.turbo_stream]
[aojplus.artofjiujitsu.com/programs/sequencing-techniques-together-to-achieve-a-submission-part-02.html]
[aojplus.artofjiujitsu.com/programs/sequencing-techniques-together-to-achieve-submission-part-01ec3b.turbo_stream]
[aojplus.artofjiujitsu.com/programs/sequencing-techniques-together-to-achieve-submission-part-01.html]
[aojplus.artofjiujitsu.com/programs/tainan-dalpra-gui-mendes-seminar-for-oc-sheriffsec3b.turbo_stream]
[aojplus.artofjiujitsu.com/programs/tainan-dalpra-gui-mendes-seminar-for-oc-sheriffs.html]
[aojplus.artofjiujitsu.com/programs/part-02-chaining-techniques-together-gui-mendesec3b.turbo_stream]
[aojplus.artofjiujitsu.com/programs/part-02-chaining-techniques-together-gui-mendes.html]
[aojplus.artofjiujitsu.com/programs/part-01-chaining-techniques-together-gui-mendesec3b.turbo_stream]
[aojplus.artofjiujitsu.com/programs/part-01-chaining-techniques-together-gui-mendes.html]
[aojplus.artofjiujitsu.com/categories/category-xoeIp4q9qz8.html]
[aojplus.artofjiujitsu.com/categories/category-xoeIp4q9qz8/watched_videos.html]
[aojplus.artofjiujitsu.com/programs/basics-front-headlock-volume-02ec3b.turbo_stream]
[aojplus.artofjiujitsu.com/programs/basics-front-headlock-volume-02.html]
[aojplus.artofjiujitsu.com/programs/basics-butterfly-guard-fran-papasideroec3b.turbo_stream]
[aojplus.artofjiujitsu.com/programs/basics-butterfly-guard-fran-papasidero.html]
[aojplus.artofjiujitsu.com/programs/basics-open-guard-curriculum-zach-kainaec3b.turbo_stream]
[aojplus.artofjiujitsu.com/programs/basics-open-guard-curriculum-zach-kaina.html]
[aojplus.artofjiujitsu.com/programs/basics-escaping-the-back-control-fran-papasideroec3b.turbo_stream]
[aojplus.artofjiujitsu.com/programs/basics-escaping-the-back-control-fran-papasidero.html]
[aojplus.artofjiujitsu.com/programs/basics-takedowns-from-the-back-basics-fran-papasideroec3b.turbo_stream]
[aojplus.artofjiujitsu.com/programs/basics-takedowns-from-the-back-basics-fran-papasidero.html]
[aojplus.artofjiujitsu.com/programs/basics-the-triangle-choke-fran-papasideroec3b.turbo_stream]
[aojplus.artofjiujitsu.com/programs/basics-the-triangle-choke-fran-papasidero.html]
[aojplus.artofjiujitsu.com/programs/basics-front-head-lock-fran-papasideroec3b.turbo_stream]
[aojplus.artofjiujitsu.com/programs/basics-front-head-lock-fran-papasidero.html]
[aojplus.artofjiujitsu.com/programs/basic-escaping-the-closed-guard-fran-papasideroec3b.turbo_stream]
[aojplus.artofjiujitsu.com/programs/basic-escaping-the-closed-guard-fran-papasidero.html]
[aojplus.artofjiujitsu.com/programs/basics-side-control-escaping-skills-francisco-papasideroec3b.turbo_stream]
[aojplus.artofjiujitsu.com/programs/basics-side-control-escaping-skills-francisco-papasidero.html]
[aojplus.artofjiujitsu.com/programs/basics-side-control-positionec3b.turbo_stream]
[aojplus.artofjiujitsu.com/programs/basics-side-control-position.html]
[aojplus.artofjiujitsu.com/categories/technique-nogi.html]
[aojplus.artofjiujitsu.com/categories/technique-nogi/watched_videos.html]
[aojplus.artofjiujitsu.com/programs/wrestling-up-from-the-bottom-nogi-cole-abateec3b.turbo_stream]
[aojplus.artofjiujitsu.com/programs/wrestling-up-from-the-bottom-nogi-cole-abate.html]
[aojplus.artofjiujitsu.com/programs/arm-weave-shin-slice-to-shoulder-roll-back-take-cole-abate-nogiec3b.turbo_stream]
[aojplus.artofjiujitsu.com/programs/arm-weave-shin-slice-to-shoulder-roll-back-take-cole-abate-nogi.html]
[aojplus.artofjiujitsu.com/programs/entering-the-duck-under-versus-the-knee-shield-cole-abateec3b.turbo_stream]
[aojplus.artofjiujitsu.com/programs/entering-the-duck-under-versus-the-knee-shield-cole-abate.html]
[aojplus.artofjiujitsu.com/programs/options-from-reverse-half-guard-cole-abate-nogiec3b.turbo_stream]
[aojplus.artofjiujitsu.com/programs/options-from-reverse-half-guard-cole-abate-nogi.html]
[aojplus.artofjiujitsu.com/programs/nogi-back-attack-study-diego-patoec3b.turbo_stream]
[aojplus.artofjiujitsu.com/programs/nogi-back-attack-study-diego-pato.html]
[aojplus.artofjiujitsu.com/programs/diego-pato-options-from-the-saddle-positionec3b.turbo_stream]
[aojplus.artofjiujitsu.com/programs/diego-pato-options-from-the-saddle-position.html]
[aojplus.artofjiujitsu.com/programs/diego-pato-getting-under-from-the-de-la-rivaec3b.turbo_stream]
[aojplus.artofjiujitsu.com/programs/diego-pato-getting-under-from-the-de-la-riva.html]
[aojplus.artofjiujitsu.com/programs/diego-pato-details-for-finishing-the-outside-heelhookec3b.turbo_stream]
[aojplus.artofjiujitsu.com/programs/diego-pato-details-for-finishing-the-outside-heelhook.html]
[aojplus.artofjiujitsu.com/programs/diego-pato-footlock-options-on-opposite-legec3b.turbo_stream]
[aojplus.artofjiujitsu.com/programs/diego-pato-footlock-options-on-opposite-leg.html]
[aojplus.artofjiujitsu.com/programs/diego-pato-nogi-footlock-counter-attacksec3b.turbo_stream]
[aojplus.artofjiujitsu.com/programs/diego-pato-nogi-footlock-counter-attacks.html]
[aojplus.artofjiujitsu.com/programs/backtake-option-entering-with-2on1-and-shin-to-shinec3b.turbo_stream]
[aojplus.artofjiujitsu.com/programs/backtake-option-entering-with-2on1-and-shin-to-shin.html]
[aojplus.artofjiujitsu.com/programs/guard-pass-sequences-using-leg-drag-21a042ec3b.turbo_stream]
[aojplus.artofjiujitsu.com/programs/guard-pass-sequences-using-leg-drag-21a042.html]
[aojplus.artofjiujitsu.com/categories/sparring.html]
[aojplus.artofjiujitsu.com/categories/sparring/watched_videos.html]
[aojplus.artofjiujitsu.com/programs/rafael-mendes-sparring-brown-belt-2-2-2024ec3b.turbo_stream]
[aojplus.artofjiujitsu.com/programs/rafael-mendes-sparring-brown-belt-2-2-2024.html]
[aojplus.artofjiujitsu.com/programs/rafael-mendes-sparring-black-belt-11-9-2023ec3b.turbo_stream]
[aojplus.artofjiujitsu.com/programs/rafael-mendes-sparring-black-belt-11-9-2023.html]
[aojplus.artofjiujitsu.com/programs/rafael-mendes-sparring-nogi-02-11-9-2023ec3b.turbo_stream]
[aojplus.artofjiujitsu.com/programs/rafael-mendes-sparring-nogi-02-11-9-2023.html]
[aojplus.artofjiujitsu.com/programs/rafael-mendes-sparring-nogi-11-9-2023ec3b.turbo_stream]
[aojplus.artofjiujitsu.com/programs/rafael-mendes-sparring-nogi-11-9-2023.html]
[aojplus.artofjiujitsu.com/programs/diego-pato-sparring-nogi-11-9-2023ec3b.turbo_stream]
[aojplus.artofjiujitsu.com/programs/diego-pato-sparring-nogi-11-9-2023.html]
[aojplus.artofjiujitsu.com/programs/diego-pato-sparring-purple-belt-11-9-2023ec3b.turbo_stream]
[aojplus.artofjiujitsu.com/programs/diego-pato-sparring-purple-belt-11-9-2023.html]
[aojplus.artofjiujitsu.com/programs/diego-pato-sparring-black-belt-11-9-2023ec3b.turbo_stream]
[aojplus.artofjiujitsu.com/programs/diego-pato-sparring-black-belt-11-9-2023.html]
[aojplus.artofjiujitsu.com/programs/diego-pato-sparring-brown-belt-11-9-2023ec3b.turbo_stream]
[aojplus.artofjiujitsu.com/programs/diego-pato-sparring-brown-belt-11-9-2023.html]
[aojplus.artofjiujitsu.com/programs/cole-abate-sparring-black-belt-02-11-9-2023ec3b.turbo_stream]
[aojplus.artofjiujitsu.com/programs/cole-abate-sparring-black-belt-02-11-9-2023.html]
[aojplus.artofjiujitsu.com/programs/cole-abate-sparring-brown-belt-11-9-2023ec3b.turbo_stream]
[aojplus.artofjiujitsu.com/programs/cole-abate-sparring-brown-belt-11-9-2023.html]
[aojplus.artofjiujitsu.com/categories/drills.html]
[aojplus.artofjiujitsu.com/categories/drills/watched_videos.html]
[aojplus.artofjiujitsu.com/programs/drill-session-from-front-headlock-rafael-mendesec3b.turbo_stream]
[aojplus.artofjiujitsu.com/programs/drill-session-from-front-headlock-rafael-mendes.html]
[aojplus.artofjiujitsu.com/programs/nogi-drill-session-featuring-cole-abate-jacob-couchec3b.turbo_stream]
[aojplus.artofjiujitsu.com/programs/nogi-drill-session-featuring-cole-abate-jacob-couch.html]
[aojplus.artofjiujitsu.com/programs/submissions-from-the-side-controlec3b.turbo_stream]
[aojplus.artofjiujitsu.com/programs/submissions-from-the-side-control.html]
[aojplus.artofjiujitsu.com/programs/drills-46a227ec3b.turbo_stream]
[aojplus.artofjiujitsu.com/programs/drills-46a227.html]
[aojplus.artofjiujitsu.com/programs/options-from-the-half-guard-tainan-dalpraec3b.turbo_stream]
[aojplus.artofjiujitsu.com/programs/options-from-the-half-guard-tainan-dalpra.html]
[aojplus.artofjiujitsu.com/programs/drill-89702fec3b.turbo_stream]
[aojplus.artofjiujitsu.com/programs/drill-89702f.html]
[aojplus.artofjiujitsu.com/programs/nogi-drill-session-rafael-mendes-cole-abateec3b.turbo_stream]
[aojplus.artofjiujitsu.com/programs/nogi-drill-session-rafael-mendes-cole-abate.html]
[aojplus.artofjiujitsu.com/programs/combining-techniques-on-top-mick-whelanec3b.turbo_stream]
[aojplus.artofjiujitsu.com/programs/combining-techniques-on-top-mick-whelan.html]
[aojplus.artofjiujitsu.com/programs/armbar-submissions-from-top-ricardo-yoshitoec3b.turbo_stream]
[aojplus.artofjiujitsu.com/programs/armbar-submissions-from-top-ricardo-yoshito.html]
[aojplus.artofjiujitsu.com/programs/armbar-submissions-and-variationsec3b.turbo_stream]
[aojplus.artofjiujitsu.com/programs/armbar-submissions-and-variations.html]
[aojplus.artofjiujitsu.com/programs/drill-5a6aceec3b.turbo_stream]
[aojplus.artofjiujitsu.com/programs/drill-5a6ace.html]
[aojplus.artofjiujitsu.com/programs/attacks-passing-over-the-de-la-riva-tainan-dalpra-037977ec3b.turbo_stream]
[aojplus.artofjiujitsu.com/programs/attacks-passing-over-the-de-la-riva-tainan-dalpra-037977.html]
[aojplus.artofjiujitsu.com/categories/portuguese.html]
[aojplus.artofjiujitsu.com/categories/portuguese/watched_videos.html]
[aojplus.artofjiujitsu.com/programs/guarda-x-curriculo-de-tainan-dalpraec3b.turbo_stream]
[aojplus.artofjiujitsu.com/programs/guarda-x-curriculo-de-tainan-dalpra.html]
[aojplus.artofjiujitsu.com/programs/enterradaec3b.turbo_stream]
[aojplus.artofjiujitsu.com/programs/enterrada.html]
[aojplus.artofjiujitsu.com/programs/raspagem-partindo-da-guarda-de-la-riva-para-o-leg-dragec3b.turbo_stream]
[aojplus.artofjiujitsu.com/programs/raspagem-partindo-da-guarda-de-la-riva-para-o-leg-drag.html]
[aojplus.artofjiujitsu.com/programs/retencao-de-guarda-johnatha-alvesec3b.turbo_stream]
[aojplus.artofjiujitsu.com/programs/retencao-de-guarda-johnatha-alves.html]
[aojplus.artofjiujitsu.com/programs/one-on-one-gui-mendes-pedro-fontesec3b.turbo_stream]
[aojplus.artofjiujitsu.com/programs/one-on-one-gui-mendes-pedro-fontes.html]
[aojplus.artofjiujitsu.com/programs/aula-particular-no-brasil-rafael-gui-mendesec3b.turbo_stream]
[aojplus.artofjiujitsu.com/programs/aula-particular-no-brasil-rafael-gui-mendes.html]
[aojplus.artofjiujitsu.com/programs/tour-pela-cidade-de-rio-claro-feat-rafael-mendesec3b.turbo_stream]
[aojplus.artofjiujitsu.com/programs/tour-pela-cidade-de-rio-claro-feat-rafael-mendes.html]
[aojplus.artofjiujitsu.com/programs/seminario-em-florianopolis-gui-mendesec3b.turbo_stream]
[aojplus.artofjiujitsu.com/programs/seminario-em-florianopolis-gui-mendes.html]
[aojplus.artofjiujitsu.com/programs/rafael-mendes-hugo-dias-jiu-life-brazilec3b.turbo_stream]
[aojplus.artofjiujitsu.com/programs/rafael-mendes-hugo-dias-jiu-life-brazil.html]
[aojplus.artofjiujitsu.com/programs/discussao-apos-round-de-sparring-gui-mendes-joao-miyaoec3b.turbo_stream]
[aojplus.artofjiujitsu.com/programs/discussao-apos-round-de-sparring-gui-mendes-joao-miyao.html]
[aojplus.artofjiujitsu.com/programs/atacando-leg-trap-para-a-emborcadaec3b.turbo_stream]
[aojplus.artofjiujitsu.com/programs/atacando-leg-trap-para-a-emborcada.html]
[aojplus.artofjiujitsu.com/programs/atacando-leg-trap-para-o-leg-dragec3b.turbo_stream]
[aojplus.artofjiujitsu.com/programs/atacando-leg-trap-para-o-leg-drag.html]
[use.fontawesome.com/releases/v5.0.13/css/all.css]
[artofjiujitsu.com/cdn/shop/files/AOJ-KIDS-NOGI_{width}xf261.html]
[artofjiujitsu.com/cdn/shop/files/AOJ-KIDS-3-5_{width}xddc2.html]
[artofjiujitsu.com/cdn/shop/files/AOJ-ADULTS-PROGRAM_{width}x25bb.html]
[artofjiujitsu.com/cdn/shop/files/ESSENTIAL-KIMONO_{width}xa2ed.html]
[artofjiujitsu.com/cdn/shop/files/RANKED-RASHGUARD-NEW_{width}x0f2d.html]
[artofjiujitsu.com/cdn/shop/files/FLORAL-BANNER_{width}xebd5.html]
[assets-gke.uscreencdn.com/theme_assets/26872/landing-page-css40e0.css]
[assets-gke.uscreencdn.com/assets/vue_storefront-4f84587e890f04a87bf8dde638df8d8508751d58ae1af56881882eb59afa7c9d.css]
[alpha.uscreencdn.com/1200xnull/assets/TAINAN-BANNER.1642540556.jpg]
[alpha.uscreencdn.com/nullx100/images/logotypes/27071/artofjiujitsu.1642617355.png]
[www.google.com/recaptcha/api.js]
[alpha.uscreencdn.com/images/logotypes/27071/artofjiujitsu.1642617355.png]
[aojplus.artofjiujitsu.com/forgot_password.html]
[alpha.uscreencdn.com/images/offer/136855/big_pablo-1695156115.1695478824.jpg]
[assets-gke.uscreencdn.com/assets/vue_storefront-0b895c8483eca2614be47c7db0147e66c0894271bac536e51690ad5ab07899de.js]
[aojplus.artofjiujitsu.com/checkout/newc8af.html]
[use.fontawesome.com/releases/v5.2.0/css/all.css]
[alpha.uscreencdn.com/images/offer/134908/all-access-tainan-dalpra.1694544705.jpg]
[aojplus.artofjiujitsu.com/checkout/newe058.html]
[alpha.uscreencdn.com/images/offer/108628/framing-the-guard.1684018156.jpg]
[aojplus.artofjiujitsu.com/checkout/new3c80.html]
[alpha.uscreencdn.com/images/offer/108114/t.1683905257.jpg]
[aojplus.artofjiujitsu.com/checkout/newd95e.html]
[cdn.shopify.com/s/files/1/0554/1206/4337/files/uncheck0a95.svg]
[cdn.shopify.com/s/files/1/0554/1206/4337/files/check0a95.svg]
[alpha.uscreencdn.com/images/offer/68715/12-MONTH-SUBSCRIPTION.1669176396.jpg]
[aojplus.artofjiujitsu.com/checkout/new1b1e.html]
[alpha.uscreencdn.com/images/offer/69905/MONTHLY-SUBSCRIPTION.1669176440.jpg]
[aojplus.artofjiujitsu.com/checkout/new4e35.html]
[artofjiujitsu.com/cdn/shop/files/IPHONE_{width}x7df8.html]
[aojplus.artofjiujitsu.com/categories/on-demand/watched_videos.html]
[aojplus.artofjiujitsu.com/categories/recently-added/watched_videos.html]
[aojplus.artofjiujitsu.com/categories/curriculum/watched_videos.html]
[aojplus.artofjiujitsu.com/categories/originals/watched_videos.html]
[aojplus.artofjiujitsu.com/categories/technique/watched_videos.html]
[aojplus.artofjiujitsu.com/categories/category-xoeIp4q9qz8/watched_videos.html]
[aojplus.artofjiujitsu.com/categories/technique-nogi/watched_videos.html]
[aojplus.artofjiujitsu.com/categories/sparring/watched_videos.html]
[aojplus.artofjiujitsu.com/categories/drills/watched_videos.html]
[aojplus.artofjiujitsu.com/categories/portuguese/watched_videos.html]
[assets-gke.uscreencdn.com/assets/vue_storefront-4f84587e890f04a87bf8dde638df8d8508751d58ae1af56881882eb59afa7c9d.css]
[aojplus.artofjiujitsu.com/forgot_password.html]
[use.fontawesome.com/releases/v5.2.0/css/all.css]
